<?xml version="1.0" encoding="UTF-8"?>
<testng-results ignored="0" total="4" passed="4" failed="0" skipped="0">
  <reporter-output>
  </reporter-output>
  <suite started-at="2024-01-07T19:45:30 IST" name="Default suite" finished-at="2024-01-07T19:45:38 IST" duration-ms="7705">
    <groups>
    </groups>
    <test started-at="2024-01-07T19:45:30 IST" name="Default test" finished-at="2024-01-07T19:45:38 IST" duration-ms="7705">
      <class name="stepdefinitions.CapstoneStepDefinitions">
        <test-method is-config="true" signature="setUp()[pri:0, instance:stepdefinitions.CapstoneStepDefinitions@4470fbd6]" started-at="2024-01-07T19:45:30 IST" name="setUp" finished-at="2024-01-07T19:45:32 IST" duration-ms="2517" status="PASS">
          <reporter-output>
          </reporter-output>
        </test-method> <!-- setUp -->
        <test-method signature="testVerifyTitle()[pri:0, instance:stepdefinitions.CapstoneStepDefinitions@4470fbd6]" started-at="2024-01-07T19:45:32 IST" name="testVerifyTitle" finished-at="2024-01-07T19:45:36 IST" duration-ms="3168" status="PASS">
          <reporter-output>
          </reporter-output>
        </test-method> <!-- testVerifyTitle -->
        <test-method signature="testABTesting()[pri:0, instance:stepdefinitions.CapstoneStepDefinitions@4470fbd6]" started-at="2024-01-07T19:45:36 IST" name="testABTesting" finished-at="2024-01-07T19:45:36 IST" depends-on-methods="stepdefinitions.BaseTest.testVerifyTitle" duration-ms="496" status="PASS">
          <reporter-output>
          </reporter-output>
        </test-method> <!-- testABTesting -->
        <test-method signature="testDropdownSelection()[pri:0, instance:stepdefinitions.CapstoneStepDefinitions@4470fbd6]" started-at="2024-01-07T19:45:36 IST" name="testDropdownSelection" finished-at="2024-01-07T19:45:37 IST" depends-on-methods="stepdefinitions.BaseTest.testABTesting" duration-ms="530" status="PASS">
          <reporter-output>
          </reporter-output>
        </test-method> <!-- testDropdownSelection -->
        <test-method signature="testFramesPage()[pri:0, instance:stepdefinitions.CapstoneStepDefinitions@4470fbd6]" started-at="2024-01-07T19:45:37 IST" name="testFramesPage" finished-at="2024-01-07T19:45:37 IST" depends-on-methods="stepdefinitions.BaseTest.testDropdownSelection" duration-ms="537" status="PASS">
          <reporter-output>
          </reporter-output>
        </test-method> <!-- testFramesPage -->
        <test-method is-config="true" signature="tearDown()[pri:0, instance:stepdefinitions.CapstoneStepDefinitions@4470fbd6]" started-at="2024-01-07T19:45:37 IST" name="tearDown" finished-at="2024-01-07T19:45:38 IST" duration-ms="397" status="PASS">
          <reporter-output>
          </reporter-output>
        </test-method> <!-- tearDown -->
      </class> <!-- stepdefinitions.CapstoneStepDefinitions -->
    </test> <!-- Default test -->
  </suite> <!-- Default suite -->
</testng-results>
