<?xml version="1.0" encoding="UTF-8"?>
<!-- Generated by org.testng.reporters.JUnitXMLReporter -->
<testsuite ignored="0" hostname="DESKTOP-MD15R3S" failures="0" tests="4" name="Default test" time="7.705" errors="0" timestamp="2024-01-07T19:45:38 IST">
  <testcase classname="stepdefinitions.BaseTest" name="testVerifyTitle" time="3.168"/>
  <testcase classname="stepdefinitions.BaseTest" name="testABTesting" time="0.496"/>
  <testcase classname="stepdefinitions.BaseTest" name="testDropdownSelection" time="0.53"/>
  <testcase classname="stepdefinitions.BaseTest" name="testFramesPage" time="0.537"/>
</testsuite> <!-- Default test -->
