<?xml version="1.0" encoding="UTF-8"?>
<!-- Generated by org.testng.reporters.JUnitXMLReporter -->
<testsuite ignored="0" hostname="DESKTOP-MD15R3S" failures="0" tests="4" name="Command line test" time="12.39" errors="0" timestamp="2024-01-07T19:46:31 IST">
  <testcase classname="stepdefinitions.BaseTest" name="testVerifyTitle" time="3.956"/>
  <testcase classname="stepdefinitions.BaseTest" name="testABTesting" time="0.586"/>
  <testcase classname="stepdefinitions.BaseTest" name="testDropdownSelection" time="0.605"/>
  <testcase classname="stepdefinitions.BaseTest" name="testFramesPage" time="0.47"/>
</testsuite> <!-- Command line test -->
